<?xml version="1.0" encoding="utf-8"?><testsuites name="pytest tests"><testsuite name="pytest" errors="0" failures="0" skipped="0" tests="0" time="0.115" timestamp="2025-08-07T20:17:29.994156-06:00" hostname="Marks-MacBook-Pro-7.local" /></testsuites>